Picked up JAVA_TOOL_OPTIONS: -Dfile.encoding=UTF8
java.lang.RuntimeException: java.util.concurrent.TimeoutException
	at xxl.java.junit.TestSuiteExecution.executionResult(TestSuiteExecution.java:100)
	at xxl.java.junit.TestSuiteExecution.runTestCase(TestSuiteExecution.java:41)
	at xxl.java.junit.TestSuiteExecution.runTestCases(TestSuiteExecution.java:84)
	at fr.inria.lille.repair.nopol.synth.ConstraintModelBuilder.buildFor(ConstraintModelBuilder.java:78)
	at fr.inria.lille.repair.nopol.synth.DefaultSynthesizer.buildPatch(DefaultSynthesizer.java:72)
	at fr.inria.lille.repair.nopol.NoPol.solveWithMultipleBuild(NoPol.java:178)
	at fr.inria.lille.repair.nopol.NoPol.build(NoPol.java:120)
	at fr.inria.lille.repair.nopol.NoPol.build(NoPol.java:90)
	at fr.inria.lille.repair.nopol.NoPolLauncher.launch(NoPolLauncher.java:85)
	at fr.inria.lille.repair.Main.main(Main.java:59)
Caused by: java.util.concurrent.TimeoutException
	at java.util.concurrent.FutureTask.get(FutureTask.java:201)
	at xxl.java.junit.TestSuiteExecution.executionResult(TestSuiteExecution.java:93)
	... 9 more
java.lang.RuntimeException: java.util.concurrent.TimeoutException
	at xxl.java.junit.TestSuiteExecution.executionResult(TestSuiteExecution.java:100)
	at xxl.java.junit.TestSuiteExecution.runTestCase(TestSuiteExecution.java:41)
	at xxl.java.junit.TestSuiteExecution.runTestCases(TestSuiteExecution.java:84)
	at fr.inria.lille.repair.nopol.synth.ConstraintModelBuilder.buildFor(ConstraintModelBuilder.java:74)
	at fr.inria.lille.repair.nopol.synth.DefaultSynthesizer.buildPatch(DefaultSynthesizer.java:72)
	at fr.inria.lille.repair.nopol.NoPol.solveWithMultipleBuild(NoPol.java:178)
	at fr.inria.lille.repair.nopol.NoPol.build(NoPol.java:120)
	at fr.inria.lille.repair.nopol.NoPol.build(NoPol.java:90)
	at fr.inria.lille.repair.nopol.NoPolLauncher.launch(NoPolLauncher.java:85)
	at fr.inria.lille.repair.Main.main(Main.java:59)
Caused by: java.util.concurrent.TimeoutException
	at java.util.concurrent.FutureTask.get(FutureTask.java:201)
	at xxl.java.junit.TestSuiteExecution.executionResult(TestSuiteExecution.java:93)
	... 9 more

real	14m50.129s
user	22m37.873s
sys	0m5.136s
