Picked up JAVA_TOOL_OPTIONS: -Dfile.encoding=UTF8
java.lang.IllegalArgumentException: The validation process does not execute well the test cases
 Picked up JAVA_TOOL_OPTIONS: -Dfile.encoding=UTF8
Exception in thread "main" java.lang.ExceptionInInitializerError
	at org.joda.time.TestDateTimeZoneCutover.<clinit>(TestDateTimeZoneCutover.java:58)
	at java.lang.Class.forName0(Native Method)
	at java.lang.Class.forName(Class.java:191)
	at fr.inria.astor.junitexec.JUnitTestExecutor.main(JUnitTestExecutor.java:106)
Caused by: java.lang.IllegalArgumentException: Invalid UTC zone provided
	at org.joda.time.DateTimeZone.setProvider0(DateTimeZone.java:207)
	at org.joda.time.DateTimeZone.<clinit>(DateTimeZone.java:22)
	... 4 more

	at fr.inria.astor.core.validation.executors.JUnitExecutorProcess.getTestResult(JUnitExecutorProcess.java:130)
	at fr.inria.astor.core.validation.executors.JUnitExecutorProcess.execute(JUnitExecutorProcess.java:78)
	at fr.inria.astor.core.validation.executors.JUnitExecutorProcess.execute(JUnitExecutorProcess.java:34)
	at fr.inria.astor.core.validation.validators.ProcessValidator.validate(ProcessValidator.java:58)
	at fr.inria.astor.core.loop.evolutionary.EvolutionaryEngine.validateInstance(EvolutionaryEngine.java:768)
	at fr.inria.astor.core.loop.evolutionary.EvolutionaryEngine.processCreatedVariant(EvolutionaryEngine.java:365)
	at fr.inria.astor.core.loop.evolutionary.EvolutionaryEngine.processGenerations(EvolutionaryEngine.java:229)
	at fr.inria.astor.core.loop.evolutionary.EvolutionaryEngine.startEvolution(EvolutionaryEngine.java:124)
	at fr.inria.main.evolution.MainjGenProg.run(MainjGenProg.java:198)
	at fr.inria.main.evolution.MainjGenProg.main(MainjGenProg.java:232)
Exception in thread "main" java.lang.AssertionError: The validation process does not execute well the test cases
 Picked up JAVA_TOOL_OPTIONS: -Dfile.encoding=UTF8
Exception in thread "main" java.lang.ExceptionInInitializerError
	at org.joda.time.TestDateTimeZoneCutover.<clinit>(TestDateTimeZoneCutover.java:58)
	at java.lang.Class.forName0(Native Method)
	at java.lang.Class.forName(Class.java:191)
	at fr.inria.astor.junitexec.JUnitTestExecutor.main(JUnitTestExecutor.java:106)
Caused by: java.lang.IllegalArgumentException: Invalid UTC zone provided
	at org.joda.time.DateTimeZone.setProvider0(DateTimeZone.java:207)
	at org.joda.time.DateTimeZone.<clinit>(DateTimeZone.java:22)
	... 4 more

	at org.junit.Assert.fail(Assert.java:88)
	at fr.inria.main.evolution.MainjGenProg.run(MainjGenProg.java:201)
	at fr.inria.main.evolution.MainjGenProg.main(MainjGenProg.java:232)

real	53m45.552s
user	102m59.914s
sys	1m0.676s
