Picked up JAVA_TOOL_OPTIONS: -Dfile.encoding=UTF8
java.lang.IllegalArgumentException: The validation process does not execute well the test cases
 Picked up JAVA_TOOL_OPTIONS: -Dfile.encoding=UTF8
Exception in thread "main" java.lang.ExceptionInInitializerError
	at java.lang.Class.forName0(Native Method)
	at java.lang.Class.forName(Class.java:191)
	at fr.inria.astor.junitexec.JUnitTestExecutor.main(JUnitTestExecutor.java:106)
Caused by: java.lang.IllegalArgumentException: The datetime zone id 'Europe/London' is not recognised
	at org.joda.time.DateTimeZone.forID(DateTimeZone.java:91)
	at org.joda.time.TestMutableDateTime_Adds.<clinit>(TestMutableDateTime_Adds.java:35)
	... 3 more

	at fr.inria.astor.core.validation.executors.JUnitExecutorProcess.getTestResult(JUnitExecutorProcess.java:130)
	at fr.inria.astor.core.validation.executors.JUnitExecutorProcess.execute(JUnitExecutorProcess.java:78)
	at fr.inria.astor.core.validation.executors.JUnitExecutorProcess.execute(JUnitExecutorProcess.java:34)
	at fr.inria.astor.core.validation.validators.ProcessValidator.validate(ProcessValidator.java:58)
	at fr.inria.astor.core.loop.evolutionary.EvolutionaryEngine.validateInstance(EvolutionaryEngine.java:768)
	at fr.inria.astor.core.loop.evolutionary.EvolutionaryEngine.processCreatedVariant(EvolutionaryEngine.java:365)
	at fr.inria.astor.core.loop.evolutionary.JKali.startEvolution(JKali.java:66)
	at fr.inria.main.evolution.MainjGenProg.run(MainjGenProg.java:198)
	at fr.inria.main.evolution.MainjGenProg.main(MainjGenProg.java:232)
Exception in thread "main" java.lang.AssertionError: The validation process does not execute well the test cases
 Picked up JAVA_TOOL_OPTIONS: -Dfile.encoding=UTF8
Exception in thread "main" java.lang.ExceptionInInitializerError
	at java.lang.Class.forName0(Native Method)
	at java.lang.Class.forName(Class.java:191)
	at fr.inria.astor.junitexec.JUnitTestExecutor.main(JUnitTestExecutor.java:106)
Caused by: java.lang.IllegalArgumentException: The datetime zone id 'Europe/London' is not recognised
	at org.joda.time.DateTimeZone.forID(DateTimeZone.java:91)
	at org.joda.time.TestMutableDateTime_Adds.<clinit>(TestMutableDateTime_Adds.java:35)
	... 3 more

	at org.junit.Assert.fail(Assert.java:88)
	at fr.inria.main.evolution.MainjGenProg.run(MainjGenProg.java:201)
	at fr.inria.main.evolution.MainjGenProg.main(MainjGenProg.java:232)

real	1m49.325s
user	2m37.290s
sys	0m3.736s
